[0m23:42:11.607175 [debug] [MainThread]: Sending event: {'category': 'dbt', 'action': 'invocation', 'label': 'start', 'context': [<snowplow_tracker.self_describing_json.SelfDescribingJson object at 0x7fc14d8e0b50>, <snowplow_tracker.self_describing_json.SelfDescribingJson object at 0x7fc14e779a20>, <snowplow_tracker.self_describing_json.SelfDescribingJson object at 0x7fc14e779990>]}


============================== 23:42:11.633861 | ea9157b0-c406-42b0-8284-1f50e62324e5 ==============================
[0m23:42:11.633861 [info ] [MainThread]: Running with dbt=1.9.2
[0m23:42:11.635952 [debug] [MainThread]: running dbt with arguments {'printer_width': '80', 'indirect_selection': 'eager', 'log_cache_events': 'False', 'write_json': 'True', 'partial_parse': 'True', 'cache_selected_only': 'False', 'profiles_dir': '/home/kyrie/.dbt', 'version_check': 'True', 'fail_fast': 'False', 'log_path': 'logs', 'warn_error': 'None', 'debug': 'False', 'use_colors': 'True', 'use_experimental_parser': 'False', 'no_print': 'None', 'quiet': 'False', 'empty': 'None', 'log_format': 'default', 'static_parser': 'True', 'introspect': 'True', 'invocation_command': 'dbt debug', 'target_path': 'None', 'warn_error_options': 'WarnErrorOptions(include=[], exclude=[])', 'send_anonymous_usage_stats': 'True'}
[0m23:42:12.190966 [info ] [MainThread]: dbt version: 1.9.2
[0m23:42:12.193270 [info ] [MainThread]: python version: 3.10.12
[0m23:42:12.195364 [info ] [MainThread]: python path: /mnt/d/Kyrie/Pacmann/DataStorageManagement/Project/data-storage-project/.venv/bin/python
[0m23:42:12.199744 [info ] [MainThread]: os info: Linux-5.15.90.1-microsoft-standard-WSL2-x86_64-with-glibc2.35
[0m23:42:13.931582 [info ] [MainThread]: Using profiles dir at /home/kyrie/.dbt
[0m23:42:13.934386 [info ] [MainThread]: Using profiles.yml file at /home/kyrie/.dbt/profiles.yml
[0m23:42:13.936755 [info ] [MainThread]: Using dbt_project.yml file at /mnt/d/Kyrie/Pacmann/DataStorageManagement/Project/data-storage-project/source_to_staging/dbt_project.yml
[0m23:42:13.962358 [info ] [MainThread]: adapter type: postgres
[0m23:42:13.966482 [info ] [MainThread]: adapter version: 1.9.0
[0m23:42:13.969164 [info ] [MainThread]: Configuration:
[0m23:42:13.971978 [info ] [MainThread]:   profiles.yml file [[32mOK found and valid[0m]
[0m23:42:13.973634 [info ] [MainThread]:   dbt_project.yml file [[31mERROR not found[0m]
[0m23:42:13.975079 [info ] [MainThread]: Required dependencies:
[0m23:42:13.976687 [debug] [MainThread]: Executing "git --help"
[0m23:42:14.040551 [debug] [MainThread]: STDOUT: "b"usage: git [--version] [--help] [-C <path>] [-c <name>=<value>]\n           [--exec-path[=<path>]] [--html-path] [--man-path] [--info-path]\n           [-p | --paginate | -P | --no-pager] [--no-replace-objects] [--bare]\n           [--git-dir=<path>] [--work-tree=<path>] [--namespace=<name>]\n           [--super-prefix=<path>] [--config-env=<name>=<envvar>]\n           <command> [<args>]\n\nThese are common Git commands used in various situations:\n\nstart a working area (see also: git help tutorial)\n   clone     Clone a repository into a new directory\n   init      Create an empty Git repository or reinitialize an existing one\n\nwork on the current change (see also: git help everyday)\n   add       Add file contents to the index\n   mv        Move or rename a file, a directory, or a symlink\n   restore   Restore working tree files\n   rm        Remove files from the working tree and from the index\n\nexamine the history and state (see also: git help revisions)\n   bisect    Use binary search to find the commit that introduced a bug\n   diff      Show changes between commits, commit and working tree, etc\n   grep      Print lines matching a pattern\n   log       Show commit logs\n   show      Show various types of objects\n   status    Show the working tree status\n\ngrow, mark and tweak your common history\n   branch    List, create, or delete branches\n   commit    Record changes to the repository\n   merge     Join two or more development histories together\n   rebase    Reapply commits on top of another base tip\n   reset     Reset current HEAD to the specified state\n   switch    Switch branches\n   tag       Create, list, delete or verify a tag object signed with GPG\n\ncollaborate (see also: git help workflows)\n   fetch     Download objects and refs from another repository\n   pull      Fetch from and integrate with another repository or a local branch\n   push      Update remote refs along with associated objects\n\n'git help -a' and 'git help -g' list available subcommands and some\nconcept guides. See 'git help <command>' or 'git help <concept>'\nto read about a specific subcommand or concept.\nSee 'git help git' for an overview of the system.\n""
[0m23:42:14.042734 [debug] [MainThread]: STDERR: "b''"
[0m23:42:14.053989 [info ] [MainThread]:  - git [[32mOK found[0m]

[0m23:42:14.056483 [info ] [MainThread]: Connection:
[0m23:42:14.058502 [info ] [MainThread]:   host: localhost
[0m23:42:14.060649 [info ] [MainThread]:   port: 5435
[0m23:42:14.064834 [info ] [MainThread]:   user: postgres
[0m23:42:14.066836 [info ] [MainThread]:   database: pacbook_staging
[0m23:42:14.068584 [info ] [MainThread]:   schema: pacbook_dwh
[0m23:42:14.070646 [info ] [MainThread]:   connect_timeout: 10
[0m23:42:14.072631 [info ] [MainThread]:   role: None
[0m23:42:14.074715 [info ] [MainThread]:   search_path: None
[0m23:42:14.076513 [info ] [MainThread]:   keepalives_idle: 0
[0m23:42:14.080504 [info ] [MainThread]:   sslmode: None
[0m23:42:14.082502 [info ] [MainThread]:   sslcert: None
[0m23:42:14.084265 [info ] [MainThread]:   sslkey: None
[0m23:42:14.086778 [info ] [MainThread]:   sslrootcert: None
[0m23:42:14.089257 [info ] [MainThread]:   application_name: dbt
[0m23:42:14.092074 [info ] [MainThread]:   retries: 1
[0m23:42:14.099143 [info ] [MainThread]: Registered adapter: postgres=1.9.0
[0m23:42:26.090430 [error] [MainThread]: Encountered an error:

[0m23:42:26.149288 [error] [MainThread]: Traceback (most recent call last):
  File "/mnt/d/Kyrie/Pacmann/DataStorageManagement/Project/data-storage-project/.venv/lib/python3.10/site-packages/dbt/cli/requires.py", line 153, in wrapper
    result, success = func(*args, **kwargs)
  File "/mnt/d/Kyrie/Pacmann/DataStorageManagement/Project/data-storage-project/.venv/lib/python3.10/site-packages/dbt/cli/requires.py", line 103, in wrapper
    return func(*args, **kwargs)
  File "/mnt/d/Kyrie/Pacmann/DataStorageManagement/Project/data-storage-project/.venv/lib/python3.10/site-packages/dbt/cli/main.py", line 414, in debug
    results = task.run()
  File "/mnt/d/Kyrie/Pacmann/DataStorageManagement/Project/data-storage-project/.venv/lib/python3.10/site-packages/dbt/task/debug.py", line 144, in run
    connection_status = self.test_connection()
  File "/mnt/d/Kyrie/Pacmann/DataStorageManagement/Project/data-storage-project/.venv/lib/python3.10/site-packages/dbt/task/debug.py", line 465, in test_connection
    connection_result = self.attempt_connection(self.profile)
  File "/mnt/d/Kyrie/Pacmann/DataStorageManagement/Project/data-storage-project/.venv/lib/python3.10/site-packages/dbt/task/debug.py", line 438, in attempt_connection
    register_adapter(profile, get_mp_context())
  File "/mnt/d/Kyrie/Pacmann/DataStorageManagement/Project/data-storage-project/.venv/lib/python3.10/site-packages/dbt/adapters/factory.py", line 203, in register_adapter
    FACTORY.register_adapter(config, mp_context, adapter_registered_log_level)
  File "/mnt/d/Kyrie/Pacmann/DataStorageManagement/Project/data-storage-project/.venv/lib/python3.10/site-packages/dbt/adapters/factory.py", line 118, in register_adapter
    adapter: Adapter = adapter_type(config, mp_context)  # type: ignore
  File "/mnt/d/Kyrie/Pacmann/DataStorageManagement/Project/data-storage-project/.venv/lib/python3.10/site-packages/dbt/adapters/base/impl.py", line 297, in __init__
    self.behavior = DEFAULT_BASE_BEHAVIOR_FLAGS  # type: ignore
  File "/mnt/d/Kyrie/Pacmann/DataStorageManagement/Project/data-storage-project/.venv/lib/python3.10/site-packages/dbt/adapters/base/impl.py", line 331, in behavior
    self._behavior = Behavior(flags, user_overrides)
  File "/mnt/d/Kyrie/Pacmann/DataStorageManagement/Project/data-storage-project/.venv/lib/python3.10/site-packages/dbt_common/behavior_flags.py", line 136, in __init__
    self._flags = [BehaviorFlagRendered(flag, user_overrides) for flag in flags]
  File "/mnt/d/Kyrie/Pacmann/DataStorageManagement/Project/data-storage-project/.venv/lib/python3.10/site-packages/dbt_common/behavior_flags.py", line 136, in <listcomp>
    self._flags = [BehaviorFlagRendered(flag, user_overrides) for flag in flags]
  File "/mnt/d/Kyrie/Pacmann/DataStorageManagement/Project/data-storage-project/.venv/lib/python3.10/site-packages/dbt_common/behavior_flags.py", line 63, in __init__
    flag_source=flag.get("source", self._default_source()),
  File "/mnt/d/Kyrie/Pacmann/DataStorageManagement/Project/data-storage-project/.venv/lib/python3.10/site-packages/dbt_common/behavior_flags.py", line 96, in _default_source
    for frame in inspect.stack():
  File "/usr/lib/python3.10/inspect.py", line 1673, in stack
    return getouterframes(sys._getframe(1), context)
  File "/usr/lib/python3.10/inspect.py", line 1650, in getouterframes
    frameinfo = (frame,) + getframeinfo(frame, context)
  File "/usr/lib/python3.10/inspect.py", line 1624, in getframeinfo
    lines, lnum = findsource(frame)
  File "/usr/lib/python3.10/inspect.py", line 952, in findsource
    module = getmodule(object, file)
  File "/usr/lib/python3.10/inspect.py", line 878, in getmodule
    os.path.realpath(f)] = module.__name__
  File "/usr/lib/python3.10/posixpath.py", line 396, in realpath
    path, ok = _joinrealpath(filename[:0], filename, strict, {})
  File "/usr/lib/python3.10/posixpath.py", line 431, in _joinrealpath
    st = os.lstat(newpath)
KeyboardInterrupt

[0m23:42:26.157323 [debug] [MainThread]: Resource report: {"command_name": "debug", "command_success": false, "command_wall_clock_time": 14.648789, "process_in_blocks": "14840", "process_kernel_time": 7.644111, "process_mem_max_rss": "92784", "process_out_blocks": "8", "process_user_time": 3.356195}
[0m23:42:26.159136 [debug] [MainThread]: Command `dbt debug` failed at 23:42:26.158952 after 14.65 seconds
[0m23:42:26.160589 [debug] [MainThread]: Sending event: {'category': 'dbt', 'action': 'invocation', 'label': 'end', 'context': [<snowplow_tracker.self_describing_json.SelfDescribingJson object at 0x7fc14d8e0b50>, <snowplow_tracker.self_describing_json.SelfDescribingJson object at 0x7fc14c82a230>, <snowplow_tracker.self_describing_json.SelfDescribingJson object at 0x7fc14c828430>]}
[0m23:42:26.162224 [debug] [MainThread]: Flushing usage events
[0m23:42:27.544725 [debug] [MainThread]: An error was encountered while trying to flush usage events
